==============================================================================
20180129 13:16:06.683 - INFO - + START SUITE: Acceptancetest [ ]
==============================================================================
20180129 13:16:06.746 - INFO - +- START SUITE: Acceptancetest.HelloWorldTests [ ]
==============================================================================
20180129 13:16:06.746 - INFO - +-- START TEST: Say Hello [ ]
------------------------------------------------------------------------------
20180129 13:16:06.761 - INFO - +--- START KW: keywords.CustomKeywords.Greet Everyone [ ]
20180129 13:16:06.761 - INFO - +--- END KW: keywords.CustomKeywords.Greet Everyone (0)
------------------------------------------------------------------------------
20180129 13:16:06.761 - INFO - +-- END TEST: Say Hello (15)
------------------------------------------------------------------------------
20180129 13:16:06.761 - INFO - +-- START TEST: Say Hello In Pig Latin [ ]
------------------------------------------------------------------------------
20180129 13:16:06.777 - INFO - +--- START KW: keywords.CustomKeywords.Reverse Greet Everyone [ ]
20180129 13:16:06.777 - INFO - +--- END KW: keywords.CustomKeywords.Reverse Greet Everyone (0)
------------------------------------------------------------------------------
20180129 13:16:06.777 - INFO - +-- END TEST: Say Hello In Pig Latin (16)
------------------------------------------------------------------------------
20180129 13:16:06.777 - INFO - +-- START TEST: Make Sure You're Saying Hello [ ]
------------------------------------------------------------------------------
20180129 13:16:06.792 - INFO - +--- START KW: keywords.CustomKeywords.Greet Everyone [ ]
20180129 13:16:06.792 - INFO - ${result} = hello world
20180129 13:16:06.792 - INFO - +--- END KW: keywords.CustomKeywords.Greet Everyone (0)
~~~~~~~~~~~~~~~~~~~~~~~~~~~~~~~~~~~~~~~~~~~~~~~~~~~~~~~~~~~~~~~~~~~~~~~~~~~~~~
20180129 13:16:06.792 - INFO - +--- START KW: BuiltIn.Should Be Equal [ ${result} | hello world ]
20180129 13:16:06.808 - INFO - +--- END KW: BuiltIn.Should Be Equal (16)
------------------------------------------------------------------------------
20180129 13:16:06.808 - INFO - +-- END TEST: Make Sure You're Saying Hello (31)
------------------------------------------------------------------------------
20180129 13:16:06.808 - INFO - +-- START TEST: Make A Test That Fails [ ]
------------------------------------------------------------------------------
20180129 13:16:06.824 - INFO - +--- START KW: keywords.CustomKeywords.Reverse Greet Everyone [ ]
20180129 13:16:06.824 - INFO - ${result} = dlrow olleh
20180129 13:16:06.824 - INFO - +--- END KW: keywords.CustomKeywords.Reverse Greet Everyone (0)
~~~~~~~~~~~~~~~~~~~~~~~~~~~~~~~~~~~~~~~~~~~~~~~~~~~~~~~~~~~~~~~~~~~~~~~~~~~~~~
20180129 13:16:06.824 - INFO - +--- START KW: BuiltIn.Should Be Equal [ ${result} | dlrow olleh ]
20180129 13:16:06.839 - INFO - +--- END KW: BuiltIn.Should Be Equal (15)
------------------------------------------------------------------------------
20180129 13:16:06.839 - INFO - +-- END TEST: Make A Test That Fails (31)
------------------------------------------------------------------------------
20180129 13:16:06.855 - INFO - +- END SUITE: Acceptancetest.HelloWorldTests (156)
==============================================================================
20180129 13:16:06.855 - INFO - + END SUITE: Acceptancetest (516)
==============================================================================
